{"/home/richey/Projects/gear-calculator/src/GearUtil/Gearing.bs.js": {"path":"/home/richey/Projects/gear-calculator/src/GearUtil/Gearing.bs.js","statementMap":{"0":{"start":{"line":4,"column":15},"end":{"line":4,"column":73}},"1":{"start":{"line":5,"column":17},"end":{"line":5,"column":60}},"2":{"start":{"line":6,"column":26},"end":{"line":6,"column":56}},"3":{"start":{"line":9,"column":2},"end":{"line":16,"column":10}},"4":{"start":{"line":20,"column":2},"end":{"line":20,"column":25}},"5":{"start":{"line":24,"column":2},"end":{"line":24,"column":78}},"6":{"start":{"line":28,"column":2},"end":{"line":28,"column":80}},"7":{"start":{"line":32,"column":2},"end":{"line":32,"column":80}},"8":{"start":{"line":36,"column":2},"end":{"line":36,"column":77}},"9":{"start":{"line":40,"column":2},"end":{"line":40,"column":77}},"10":{"start":{"line":44,"column":2},"end":{"line":44,"column":31}},"11":{"start":{"line":48,"column":2},"end":{"line":48,"column":45}},"12":{"start":{"line":52,"column":20},"end":{"line":52,"column":50}},"13":{"start":{"line":53,"column":2},"end":{"line":53,"column":45}},"14":{"start":{"line":57,"column":20},"end":{"line":57,"column":52}},"15":{"start":{"line":58,"column":2},"end":{"line":58,"column":45}},"16":{"start":{"line":62,"column":14},"end":{"line":62,"column":51}},"17":{"start":{"line":63,"column":14},"end":{"line":63,"column":41}},"18":{"start":{"line":64,"column":2},"end":{"line":79,"column":18}},"19":{"start":{"line":65,"column":41},"end":{"line":65,"column":72}},"20":{"start":{"line":66,"column":43},"end":{"line":66,"column":72}},"21":{"start":{"line":67,"column":31},"end":{"line":70,"column":17}},"22":{"start":{"line":71,"column":16},"end":{"line":78,"column":17}},"23":{"start":{"line":72,"column":18},"end":{"line":75,"column":31}},"24":{"start":{"line":77,"column":18},"end":{"line":77,"column":31}},"25":{"start":{"line":83,"column":2},"end":{"line":83,"column":67}},"26":{"start":{"line":87,"column":2},"end":{"line":97,"column":3}},"27":{"start":{"line":88,"column":12},"end":{"line":88,"column":14}},"28":{"start":{"line":89,"column":12},"end":{"line":89,"column":14}},"29":{"start":{"line":90,"column":4},"end":{"line":96,"column":5}},"30":{"start":{"line":91,"column":6},"end":{"line":91,"column":17}},"31":{"start":{"line":92,"column":6},"end":{"line":92,"column":13}},"32":{"start":{"line":93,"column":6},"end":{"line":93,"column":16}},"33":{"start":{"line":95,"column":6},"end":{"line":95,"column":15}},"34":{"start":{"line":101,"column":12},"end":{"line":101,"column":57}},"35":{"start":{"line":102,"column":2},"end":{"line":105,"column":10}},"36":{"start":{"line":109,"column":18},"end":{"line":109,"column":50}},"37":{"start":{"line":110,"column":2},"end":{"line":110,"column":39}},"38":{"start":{"line":114,"column":2},"end":{"line":114,"column":74}},"39":{"start":{"line":118,"column":16},"end":{"line":118,"column":36}},"40":{"start":{"line":119,"column":2},"end":{"line":123,"column":3}},"41":{"start":{"line":120,"column":4},"end":{"line":120,"column":19}},"42":{"start":{"line":122,"column":4},"end":{"line":122,"column":25}},"43":{"start":{"line":127,"column":2},"end":{"line":127,"column":49}},"44":{"start":{"line":131,"column":14},"end":{"line":131,"column":61}},"45":{"start":{"line":132,"column":2},"end":{"line":132,"column":55}},"46":{"start":{"line":136,"column":20},"end":{"line":136,"column":48}},"47":{"start":{"line":137,"column":2},"end":{"line":149,"column":18}},"48":{"start":{"line":138,"column":20},"end":{"line":138,"column":72}},"49":{"start":{"line":140,"column":36},"end":{"line":140,"column":58}},"50":{"start":{"line":141,"column":27},"end":{"line":141,"column":60}},"51":{"start":{"line":142,"column":36},"end":{"line":142,"column":60}},"52":{"start":{"line":143,"column":26},"end":{"line":143,"column":59}},"53":{"start":{"line":144,"column":16},"end":{"line":148,"column":24}},"54":{"start":{"line":152,"column":0},"end":{"line":152,"column":20}},"55":{"start":{"line":153,"column":0},"end":{"line":153,"column":34}},"56":{"start":{"line":154,"column":0},"end":{"line":154,"column":30}},"57":{"start":{"line":155,"column":0},"end":{"line":155,"column":34}},"58":{"start":{"line":156,"column":0},"end":{"line":156,"column":34}},"59":{"start":{"line":157,"column":0},"end":{"line":157,"column":28}},"60":{"start":{"line":158,"column":0},"end":{"line":158,"column":36}},"61":{"start":{"line":159,"column":0},"end":{"line":159,"column":46}},"62":{"start":{"line":160,"column":0},"end":{"line":160,"column":42}},"63":{"start":{"line":161,"column":0},"end":{"line":161,"column":44}},"64":{"start":{"line":162,"column":0},"end":{"line":162,"column":50}},"65":{"start":{"line":163,"column":0},"end":{"line":163,"column":40}},"66":{"start":{"line":164,"column":0},"end":{"line":164,"column":32}},"67":{"start":{"line":165,"column":0},"end":{"line":165,"column":54}},"68":{"start":{"line":166,"column":0},"end":{"line":166,"column":40}},"69":{"start":{"line":167,"column":0},"end":{"line":167,"column":50}},"70":{"start":{"line":168,"column":0},"end":{"line":168,"column":34}},"71":{"start":{"line":169,"column":0},"end":{"line":169,"column":58}},"72":{"start":{"line":170,"column":0},"end":{"line":170,"column":34}},"73":{"start":{"line":171,"column":0},"end":{"line":171,"column":30}},"74":{"start":{"line":172,"column":0},"end":{"line":172,"column":44}}},"fnMap":{"0":{"name":"make","decl":{"start":{"line":8,"column":9},"end":{"line":8,"column":13}},"loc":{"start":{"line":8,"column":21},"end":{"line":17,"column":1}},"line":8},"1":{"name":"isEvenFloat","decl":{"start":{"line":19,"column":9},"end":{"line":19,"column":20}},"loc":{"start":{"line":19,"column":24},"end":{"line":21,"column":1}},"line":19},"2":{"name":"metreToKm","decl":{"start":{"line":23,"column":9},"end":{"line":23,"column":18}},"loc":{"start":{"line":23,"column":26},"end":{"line":25,"column":1}},"line":23},"3":{"name":"metreToMile","decl":{"start":{"line":27,"column":9},"end":{"line":27,"column":20}},"loc":{"start":{"line":27,"column":28},"end":{"line":29,"column":1}},"line":27},"4":{"name":"inchToMetre","decl":{"start":{"line":31,"column":9},"end":{"line":31,"column":20}},"loc":{"start":{"line":31,"column":28},"end":{"line":33,"column":1}},"line":31},"5":{"name":"mmToInch","decl":{"start":{"line":35,"column":9},"end":{"line":35,"column":17}},"loc":{"start":{"line":35,"column":25},"end":{"line":37,"column":1}},"line":35},"6":{"name":"minuteToHour","decl":{"start":{"line":39,"column":9},"end":{"line":39,"column":21}},"loc":{"start":{"line":39,"column":29},"end":{"line":41,"column":1}},"line":39},"7":{"name":"distancePerMinute","decl":{"start":{"line":43,"column":9},"end":{"line":43,"column":26}},"loc":{"start":{"line":43,"column":49},"end":{"line":45,"column":1}},"line":43},"8":{"name":"distancePerHour","decl":{"start":{"line":47,"column":9},"end":{"line":47,"column":24}},"loc":{"start":{"line":47,"column":47},"end":{"line":49,"column":1}},"line":47},"9":{"name":"cadenceToSpeedKm","decl":{"start":{"line":51,"column":9},"end":{"line":51,"column":25}},"loc":{"start":{"line":51,"column":56},"end":{"line":54,"column":1}},"line":51},"10":{"name":"cadenceToSpeedMiles","decl":{"start":{"line":56,"column":9},"end":{"line":56,"column":28}},"loc":{"start":{"line":56,"column":59},"end":{"line":59,"column":1}},"line":56},"11":{"name":"equivalentGear","decl":{"start":{"line":61,"column":9},"end":{"line":61,"column":23}},"loc":{"start":{"line":61,"column":31},"end":{"line":80,"column":1}},"line":61},"12":{"name":"(anonymous_12)","decl":{"start":{"line":64,"column":47},"end":{"line":64,"column":48}},"loc":{"start":{"line":64,"column":67},"end":{"line":79,"column":15}},"line":64},"13":{"name":"gearInches","decl":{"start":{"line":82,"column":9},"end":{"line":82,"column":19}},"loc":{"start":{"line":82,"column":27},"end":{"line":84,"column":1}},"line":82},"14":{"name":"greatestCommonDivisor","decl":{"start":{"line":86,"column":9},"end":{"line":86,"column":30}},"loc":{"start":{"line":86,"column":39},"end":{"line":98,"column":1}},"line":86},"15":{"name":"lowestFraction","decl":{"start":{"line":100,"column":9},"end":{"line":100,"column":23}},"loc":{"start":{"line":100,"column":48},"end":{"line":106,"column":1}},"line":100},"16":{"name":"metresOfDevelopment","decl":{"start":{"line":108,"column":9},"end":{"line":108,"column":28}},"loc":{"start":{"line":108,"column":38},"end":{"line":111,"column":1}},"line":108},"17":{"name":"skidPatches","decl":{"start":{"line":113,"column":9},"end":{"line":113,"column":20}},"loc":{"start":{"line":113,"column":28},"end":{"line":115,"column":1}},"line":113},"18":{"name":"ambidextrousSkidPatches","decl":{"start":{"line":117,"column":9},"end":{"line":117,"column":32}},"loc":{"start":{"line":117,"column":42},"end":{"line":124,"column":1}},"line":117},"19":{"name":"radiusRatio","decl":{"start":{"line":126,"column":9},"end":{"line":126,"column":20}},"loc":{"start":{"line":126,"column":45},"end":{"line":128,"column":1}},"line":126},"20":{"name":"gainRatio","decl":{"start":{"line":130,"column":9},"end":{"line":130,"column":18}},"loc":{"start":{"line":130,"column":26},"end":{"line":133,"column":1}},"line":130},"21":{"name":"generateCadences","decl":{"start":{"line":135,"column":9},"end":{"line":135,"column":25}},"loc":{"start":{"line":135,"column":35},"end":{"line":150,"column":1}},"line":135},"22":{"name":"(anonymous_22)","decl":{"start":{"line":137,"column":74},"end":{"line":137,"column":75}},"loc":{"start":{"line":137,"column":87},"end":{"line":139,"column":19}},"line":137},"23":{"name":"(anonymous_23)","decl":{"start":{"line":139,"column":24},"end":{"line":139,"column":25}},"loc":{"start":{"line":139,"column":39},"end":{"line":149,"column":15}},"line":139}},"branchMap":{"0":{"loc":{"start":{"line":71,"column":16},"end":{"line":78,"column":17}},"type":"if","locations":[{"start":{"line":71,"column":16},"end":{"line":78,"column":17}},{"start":{"line":71,"column":16},"end":{"line":78,"column":17}}],"line":71},"1":{"loc":{"start":{"line":71,"column":20},"end":{"line":71,"column":107}},"type":"binary-expr","locations":[{"start":{"line":71,"column":20},"end":{"line":71,"column":51}},{"start":{"line":71,"column":55},"end":{"line":71,"column":78}},{"start":{"line":71,"column":82},"end":{"line":71,"column":107}}],"line":71},"2":{"loc":{"start":{"line":90,"column":4},"end":{"line":96,"column":5}},"type":"if","locations":[{"start":{"line":90,"column":4},"end":{"line":96,"column":5}},{"start":{"line":90,"column":4},"end":{"line":96,"column":5}}],"line":90},"3":{"loc":{"start":{"line":119,"column":2},"end":{"line":123,"column":3}},"type":"if","locations":[{"start":{"line":119,"column":2},"end":{"line":123,"column":3}},{"start":{"line":119,"column":2},"end":{"line":123,"column":3}}],"line":119}},"s":{"0":1,"1":1,"2":1,"3":0,"4":2,"5":14,"6":14,"7":1,"8":0,"9":29,"10":1,"11":1,"12":0,"13":0,"14":0,"15":0,"16":0,"17":0,"18":0,"19":0,"20":0,"21":0,"22":0,"23":0,"24":0,"25":2,"26":3,"27":9,"28":9,"29":9,"30":6,"31":6,"32":6,"33":3,"34":0,"35":0,"36":1,"37":1,"38":0,"39":0,"40":0,"41":0,"42":0,"43":0,"44":0,"45":0,"46":1,"47":1,"48":14,"49":14,"50":14,"51":14,"52":14,"53":14,"54":1,"55":1,"56":1,"57":1,"58":1,"59":1,"60":1,"61":1,"62":1,"63":1,"64":1,"65":1,"66":1,"67":1,"68":1,"69":1,"70":1,"71":1,"72":1,"73":1,"74":1},"f":{"0":0,"1":2,"2":14,"3":14,"4":1,"5":0,"6":29,"7":1,"8":1,"9":0,"10":0,"11":0,"12":0,"13":2,"14":3,"15":0,"16":1,"17":0,"18":0,"19":0,"20":0,"21":1,"22":14,"23":14},"b":{"0":[0,0],"1":[0,0,0],"2":[6,3],"3":[0,0]},"_coverageSchema":"43e27e138ebf9cfc5966b082cf9a028302ed4184","hash":"a012f28f68288426b9233d5bea1e57ddacdf7b19"}
,"/home/richey/Projects/gear-calculator/src/Utils/Unit.bs.js": {"path":"/home/richey/Projects/gear-calculator/src/Utils/Unit.bs.js","statementMap":{"0":{"start":{"line":5,"column":9},"end":{"line":12,"column":1}},"1":{"start":{"line":14,"column":9},"end":{"line":21,"column":1}},"2":{"start":{"line":23,"column":11},"end":{"line":30,"column":1}},"3":{"start":{"line":32,"column":12},"end":{"line":39,"column":1}},"4":{"start":{"line":41,"column":9},"end":{"line":48,"column":1}},"5":{"start":{"line":50,"column":11},"end":{"line":57,"column":1}},"6":{"start":{"line":60,"column":2},"end":{"line":74,"column":3}},"7":{"start":{"line":62,"column":8},"end":{"line":62,"column":36}},"8":{"start":{"line":64,"column":8},"end":{"line":64,"column":36}},"9":{"start":{"line":66,"column":8},"end":{"line":66,"column":38}},"10":{"start":{"line":68,"column":8},"end":{"line":68,"column":39}},"11":{"start":{"line":70,"column":8},"end":{"line":70,"column":36}},"12":{"start":{"line":72,"column":8},"end":{"line":72,"column":38}},"13":{"start":{"line":79,"column":2},"end":{"line":99,"column":3}},"14":{"start":{"line":81,"column":8},"end":{"line":81,"column":17}},"15":{"start":{"line":82,"column":8},"end":{"line":82,"column":14}},"16":{"start":{"line":84,"column":8},"end":{"line":84,"column":17}},"17":{"start":{"line":85,"column":8},"end":{"line":85,"column":14}},"18":{"start":{"line":87,"column":8},"end":{"line":87,"column":19}},"19":{"start":{"line":88,"column":8},"end":{"line":88,"column":14}},"20":{"start":{"line":90,"column":8},"end":{"line":90,"column":20}},"21":{"start":{"line":91,"column":8},"end":{"line":91,"column":14}},"22":{"start":{"line":93,"column":8},"end":{"line":93,"column":17}},"23":{"start":{"line":94,"column":8},"end":{"line":94,"column":14}},"24":{"start":{"line":96,"column":8},"end":{"line":96,"column":19}},"25":{"start":{"line":97,"column":8},"end":{"line":97,"column":14}},"26":{"start":{"line":100,"column":2},"end":{"line":100,"column":42}},"27":{"start":{"line":103,"column":15},"end":{"line":112,"column":1}},"28":{"start":{"line":114,"column":13},"end":{"line":121,"column":1}},"29":{"start":{"line":123,"column":13},"end":{"line":130,"column":1}},"30":{"start":{"line":132,"column":11},"end":{"line":139,"column":1}},"31":{"start":{"line":141,"column":10},"end":{"line":148,"column":1}},"32":{"start":{"line":150,"column":11},"end":{"line":157,"column":1}},"33":{"start":{"line":159,"column":11},"end":{"line":166,"column":1}},"34":{"start":{"line":169,"column":2},"end":{"line":183,"column":3}},"35":{"start":{"line":171,"column":8},"end":{"line":171,"column":38}},"36":{"start":{"line":173,"column":8},"end":{"line":173,"column":37}},"37":{"start":{"line":175,"column":8},"end":{"line":175,"column":38}},"38":{"start":{"line":177,"column":8},"end":{"line":177,"column":38}},"39":{"start":{"line":179,"column":8},"end":{"line":179,"column":40}},"40":{"start":{"line":181,"column":8},"end":{"line":181,"column":40}},"41":{"start":{"line":188,"column":2},"end":{"line":208,"column":3}},"42":{"start":{"line":190,"column":8},"end":{"line":190,"column":19}},"43":{"start":{"line":191,"column":8},"end":{"line":191,"column":14}},"44":{"start":{"line":193,"column":8},"end":{"line":193,"column":18}},"45":{"start":{"line":194,"column":8},"end":{"line":194,"column":14}},"46":{"start":{"line":196,"column":8},"end":{"line":196,"column":19}},"47":{"start":{"line":197,"column":8},"end":{"line":197,"column":14}},"48":{"start":{"line":199,"column":8},"end":{"line":199,"column":19}},"49":{"start":{"line":200,"column":8},"end":{"line":200,"column":14}},"50":{"start":{"line":202,"column":8},"end":{"line":202,"column":21}},"51":{"start":{"line":203,"column":8},"end":{"line":203,"column":14}},"52":{"start":{"line":205,"column":8},"end":{"line":205,"column":21}},"53":{"start":{"line":206,"column":8},"end":{"line":206,"column":14}},"54":{"start":{"line":209,"column":2},"end":{"line":209,"column":44}},"55":{"start":{"line":212,"column":17},"end":{"line":219,"column":1}},"56":{"start":{"line":221,"column":11},"end":{"line":231,"column":1}},"57":{"start":{"line":233,"column":0},"end":{"line":233,"column":28}},"58":{"start":{"line":234,"column":0},"end":{"line":234,"column":20}}},"fnMap":{"0":{"name":"convertTarget","decl":{"start":{"line":59,"column":9},"end":{"line":59,"column":22}},"loc":{"start":{"line":59,"column":49},"end":{"line":75,"column":1}},"line":59},"1":{"name":"convert","decl":{"start":{"line":77,"column":9},"end":{"line":77,"column":16}},"loc":{"start":{"line":77,"column":37},"end":{"line":101,"column":1}},"line":77},"2":{"name":"convertTarget$1","decl":{"start":{"line":168,"column":9},"end":{"line":168,"column":24}},"loc":{"start":{"line":168,"column":51},"end":{"line":184,"column":1}},"line":168},"3":{"name":"convert$1","decl":{"start":{"line":186,"column":9},"end":{"line":186,"column":18}},"loc":{"start":{"line":186,"column":39},"end":{"line":210,"column":1}},"line":186}},"branchMap":{"0":{"loc":{"start":{"line":60,"column":2},"end":{"line":74,"column":3}},"type":"switch","locations":[{"start":{"line":61,"column":4},"end":{"line":62,"column":36}},{"start":{"line":63,"column":4},"end":{"line":64,"column":36}},{"start":{"line":65,"column":4},"end":{"line":66,"column":38}},{"start":{"line":67,"column":4},"end":{"line":68,"column":39}},{"start":{"line":69,"column":4},"end":{"line":70,"column":36}},{"start":{"line":71,"column":4},"end":{"line":72,"column":38}}],"line":60},"1":{"loc":{"start":{"line":79,"column":2},"end":{"line":99,"column":3}},"type":"switch","locations":[{"start":{"line":80,"column":4},"end":{"line":82,"column":14}},{"start":{"line":83,"column":4},"end":{"line":85,"column":14}},{"start":{"line":86,"column":4},"end":{"line":88,"column":14}},{"start":{"line":89,"column":4},"end":{"line":91,"column":14}},{"start":{"line":92,"column":4},"end":{"line":94,"column":14}},{"start":{"line":95,"column":4},"end":{"line":97,"column":14}}],"line":79},"2":{"loc":{"start":{"line":169,"column":2},"end":{"line":183,"column":3}},"type":"switch","locations":[{"start":{"line":170,"column":4},"end":{"line":171,"column":38}},{"start":{"line":172,"column":4},"end":{"line":173,"column":37}},{"start":{"line":174,"column":4},"end":{"line":175,"column":38}},{"start":{"line":176,"column":4},"end":{"line":177,"column":38}},{"start":{"line":178,"column":4},"end":{"line":179,"column":40}},{"start":{"line":180,"column":4},"end":{"line":181,"column":40}}],"line":169},"3":{"loc":{"start":{"line":188,"column":2},"end":{"line":208,"column":3}},"type":"switch","locations":[{"start":{"line":189,"column":4},"end":{"line":191,"column":14}},{"start":{"line":192,"column":4},"end":{"line":194,"column":14}},{"start":{"line":195,"column":4},"end":{"line":197,"column":14}},{"start":{"line":198,"column":4},"end":{"line":200,"column":14}},{"start":{"line":201,"column":4},"end":{"line":203,"column":14}},{"start":{"line":204,"column":4},"end":{"line":206,"column":14}}],"line":188}},"s":{"0":1,"1":1,"2":1,"3":1,"4":1,"5":1,"6":29,"7":0,"8":0,"9":0,"10":1,"11":14,"12":14,"13":29,"14":0,"15":0,"16":0,"17":0,"18":1,"19":1,"20":28,"21":28,"22":0,"23":0,"24":0,"25":0,"26":29,"27":1,"28":1,"29":1,"30":1,"31":1,"32":1,"33":1,"34":29,"35":0,"36":0,"37":0,"38":29,"39":0,"40":0,"41":29,"42":0,"43":0,"44":0,"45":0,"46":0,"47":0,"48":0,"49":0,"50":29,"51":29,"52":0,"53":0,"54":29,"55":1,"56":1,"57":1,"58":1},"f":{"0":29,"1":29,"2":29,"3":29},"b":{"0":[0,0,0,1,14,14],"1":[0,0,1,28,0,0],"2":[0,0,0,29,0,0],"3":[0,0,0,0,29,0]},"_coverageSchema":"43e27e138ebf9cfc5966b082cf9a028302ed4184","hash":"ab067ea7b0aa7408bf37a13e1a38064fc5027c9a"}
}
