{"/home/richey/Projects/gear-calculator/lib/js/src/GearUtil/Gearing.bs.js": {"path":"/home/richey/Projects/gear-calculator/lib/js/src/GearUtil/Gearing.bs.js","statementMap":{"0":{"start":{"line":4,"column":11},"end":{"line":4,"column":48}},"1":{"start":{"line":5,"column":14},"end":{"line":5,"column":52}},"2":{"start":{"line":6,"column":17},"end":{"line":6,"column":60}},"3":{"start":{"line":7,"column":17},"end":{"line":7,"column":60}},"4":{"start":{"line":8,"column":26},"end":{"line":8,"column":56}},"5":{"start":{"line":11,"column":2},"end":{"line":18,"column":10}},"6":{"start":{"line":22,"column":2},"end":{"line":22,"column":25}},"7":{"start":{"line":26,"column":2},"end":{"line":26,"column":78}},"8":{"start":{"line":30,"column":2},"end":{"line":30,"column":80}},"9":{"start":{"line":34,"column":2},"end":{"line":34,"column":80}},"10":{"start":{"line":38,"column":2},"end":{"line":38,"column":77}},"11":{"start":{"line":42,"column":2},"end":{"line":42,"column":77}},"12":{"start":{"line":46,"column":2},"end":{"line":46,"column":31}},"13":{"start":{"line":50,"column":2},"end":{"line":50,"column":45}},"14":{"start":{"line":54,"column":20},"end":{"line":54,"column":50}},"15":{"start":{"line":55,"column":2},"end":{"line":55,"column":45}},"16":{"start":{"line":59,"column":20},"end":{"line":59,"column":52}},"17":{"start":{"line":60,"column":2},"end":{"line":60,"column":45}},"18":{"start":{"line":64,"column":14},"end":{"line":64,"column":51}},"19":{"start":{"line":65,"column":14},"end":{"line":65,"column":38}},"20":{"start":{"line":66,"column":2},"end":{"line":87,"column":18}},"21":{"start":{"line":67,"column":41},"end":{"line":67,"column":50}},"22":{"start":{"line":68,"column":43},"end":{"line":68,"column":50}},"23":{"start":{"line":69,"column":31},"end":{"line":72,"column":17}},"24":{"start":{"line":73,"column":16},"end":{"line":86,"column":17}},"25":{"start":{"line":74,"column":18},"end":{"line":83,"column":31}},"26":{"start":{"line":85,"column":18},"end":{"line":85,"column":31}},"27":{"start":{"line":91,"column":2},"end":{"line":91,"column":67}},"28":{"start":{"line":95,"column":2},"end":{"line":105,"column":3}},"29":{"start":{"line":96,"column":12},"end":{"line":96,"column":14}},"30":{"start":{"line":97,"column":12},"end":{"line":97,"column":14}},"31":{"start":{"line":98,"column":4},"end":{"line":104,"column":5}},"32":{"start":{"line":99,"column":6},"end":{"line":99,"column":17}},"33":{"start":{"line":100,"column":6},"end":{"line":100,"column":13}},"34":{"start":{"line":101,"column":6},"end":{"line":101,"column":16}},"35":{"start":{"line":103,"column":6},"end":{"line":103,"column":15}},"36":{"start":{"line":109,"column":12},"end":{"line":109,"column":57}},"37":{"start":{"line":110,"column":2},"end":{"line":113,"column":10}},"38":{"start":{"line":117,"column":18},"end":{"line":117,"column":50}},"39":{"start":{"line":118,"column":2},"end":{"line":118,"column":29}},"40":{"start":{"line":122,"column":2},"end":{"line":122,"column":74}},"41":{"start":{"line":126,"column":16},"end":{"line":126,"column":36}},"42":{"start":{"line":127,"column":2},"end":{"line":131,"column":3}},"43":{"start":{"line":128,"column":4},"end":{"line":128,"column":19}},"44":{"start":{"line":130,"column":4},"end":{"line":130,"column":25}},"45":{"start":{"line":135,"column":2},"end":{"line":135,"column":49}},"46":{"start":{"line":139,"column":14},"end":{"line":139,"column":61}},"47":{"start":{"line":140,"column":2},"end":{"line":140,"column":55}},"48":{"start":{"line":144,"column":20},"end":{"line":144,"column":48}},"49":{"start":{"line":145,"column":13},"end":{"line":147,"column":11}},"50":{"start":{"line":146,"column":10},"end":{"line":146,"column":40}},"51":{"start":{"line":148,"column":2},"end":{"line":158,"column":23}},"52":{"start":{"line":149,"column":40},"end":{"line":149,"column":62}},"53":{"start":{"line":150,"column":31},"end":{"line":150,"column":64}},"54":{"start":{"line":151,"column":40},"end":{"line":151,"column":64}},"55":{"start":{"line":152,"column":30},"end":{"line":152,"column":63}},"56":{"start":{"line":153,"column":20},"end":{"line":157,"column":28}},"57":{"start":{"line":161,"column":0},"end":{"line":161,"column":20}},"58":{"start":{"line":162,"column":0},"end":{"line":162,"column":34}},"59":{"start":{"line":163,"column":0},"end":{"line":163,"column":30}},"60":{"start":{"line":164,"column":0},"end":{"line":164,"column":34}},"61":{"start":{"line":165,"column":0},"end":{"line":165,"column":34}},"62":{"start":{"line":166,"column":0},"end":{"line":166,"column":28}},"63":{"start":{"line":167,"column":0},"end":{"line":167,"column":36}},"64":{"start":{"line":168,"column":0},"end":{"line":168,"column":46}},"65":{"start":{"line":169,"column":0},"end":{"line":169,"column":42}},"66":{"start":{"line":170,"column":0},"end":{"line":170,"column":44}},"67":{"start":{"line":171,"column":0},"end":{"line":171,"column":50}},"68":{"start":{"line":172,"column":0},"end":{"line":172,"column":40}},"69":{"start":{"line":173,"column":0},"end":{"line":173,"column":32}},"70":{"start":{"line":174,"column":0},"end":{"line":174,"column":54}},"71":{"start":{"line":175,"column":0},"end":{"line":175,"column":40}},"72":{"start":{"line":176,"column":0},"end":{"line":176,"column":50}},"73":{"start":{"line":177,"column":0},"end":{"line":177,"column":34}},"74":{"start":{"line":178,"column":0},"end":{"line":178,"column":58}},"75":{"start":{"line":179,"column":0},"end":{"line":179,"column":34}},"76":{"start":{"line":180,"column":0},"end":{"line":180,"column":30}},"77":{"start":{"line":181,"column":0},"end":{"line":181,"column":44}}},"fnMap":{"0":{"name":"make","decl":{"start":{"line":10,"column":9},"end":{"line":10,"column":13}},"loc":{"start":{"line":10,"column":21},"end":{"line":19,"column":1}},"line":10},"1":{"name":"isEvenFloat","decl":{"start":{"line":21,"column":9},"end":{"line":21,"column":20}},"loc":{"start":{"line":21,"column":24},"end":{"line":23,"column":1}},"line":21},"2":{"name":"metreToKm","decl":{"start":{"line":25,"column":9},"end":{"line":25,"column":18}},"loc":{"start":{"line":25,"column":26},"end":{"line":27,"column":1}},"line":25},"3":{"name":"metreToMile","decl":{"start":{"line":29,"column":9},"end":{"line":29,"column":20}},"loc":{"start":{"line":29,"column":28},"end":{"line":31,"column":1}},"line":29},"4":{"name":"inchToMetre","decl":{"start":{"line":33,"column":9},"end":{"line":33,"column":20}},"loc":{"start":{"line":33,"column":28},"end":{"line":35,"column":1}},"line":33},"5":{"name":"mmToInch","decl":{"start":{"line":37,"column":9},"end":{"line":37,"column":17}},"loc":{"start":{"line":37,"column":25},"end":{"line":39,"column":1}},"line":37},"6":{"name":"minuteToHour","decl":{"start":{"line":41,"column":9},"end":{"line":41,"column":21}},"loc":{"start":{"line":41,"column":29},"end":{"line":43,"column":1}},"line":41},"7":{"name":"distancePerMinute","decl":{"start":{"line":45,"column":9},"end":{"line":45,"column":26}},"loc":{"start":{"line":45,"column":49},"end":{"line":47,"column":1}},"line":45},"8":{"name":"distancePerHour","decl":{"start":{"line":49,"column":9},"end":{"line":49,"column":24}},"loc":{"start":{"line":49,"column":47},"end":{"line":51,"column":1}},"line":49},"9":{"name":"cadenceToSpeedKm","decl":{"start":{"line":53,"column":9},"end":{"line":53,"column":25}},"loc":{"start":{"line":53,"column":56},"end":{"line":56,"column":1}},"line":53},"10":{"name":"cadenceToSpeedMiles","decl":{"start":{"line":58,"column":9},"end":{"line":58,"column":28}},"loc":{"start":{"line":58,"column":59},"end":{"line":61,"column":1}},"line":58},"11":{"name":"equivalentGear","decl":{"start":{"line":63,"column":9},"end":{"line":63,"column":23}},"loc":{"start":{"line":63,"column":31},"end":{"line":88,"column":1}},"line":63},"12":{"name":"(anonymous_12)","decl":{"start":{"line":66,"column":46},"end":{"line":66,"column":47}},"loc":{"start":{"line":66,"column":66},"end":{"line":87,"column":15}},"line":66},"13":{"name":"gearInches","decl":{"start":{"line":90,"column":9},"end":{"line":90,"column":19}},"loc":{"start":{"line":90,"column":27},"end":{"line":92,"column":1}},"line":90},"14":{"name":"greatestCommonDivisor","decl":{"start":{"line":94,"column":9},"end":{"line":94,"column":30}},"loc":{"start":{"line":94,"column":39},"end":{"line":106,"column":1}},"line":94},"15":{"name":"lowestFraction","decl":{"start":{"line":108,"column":9},"end":{"line":108,"column":23}},"loc":{"start":{"line":108,"column":48},"end":{"line":114,"column":1}},"line":108},"16":{"name":"metresOfDevelopment","decl":{"start":{"line":116,"column":9},"end":{"line":116,"column":28}},"loc":{"start":{"line":116,"column":38},"end":{"line":119,"column":1}},"line":116},"17":{"name":"skidPatches","decl":{"start":{"line":121,"column":9},"end":{"line":121,"column":20}},"loc":{"start":{"line":121,"column":28},"end":{"line":123,"column":1}},"line":121},"18":{"name":"ambidextrousSkidPatches","decl":{"start":{"line":125,"column":9},"end":{"line":125,"column":32}},"loc":{"start":{"line":125,"column":42},"end":{"line":132,"column":1}},"line":125},"19":{"name":"radiusRatio","decl":{"start":{"line":134,"column":9},"end":{"line":134,"column":20}},"loc":{"start":{"line":134,"column":45},"end":{"line":136,"column":1}},"line":134},"20":{"name":"gainRatio","decl":{"start":{"line":138,"column":9},"end":{"line":138,"column":18}},"loc":{"start":{"line":138,"column":26},"end":{"line":141,"column":1}},"line":138},"21":{"name":"generateCadences","decl":{"start":{"line":143,"column":9},"end":{"line":143,"column":25}},"loc":{"start":{"line":143,"column":35},"end":{"line":159,"column":1}},"line":143},"22":{"name":"(anonymous_22)","decl":{"start":{"line":145,"column":54},"end":{"line":145,"column":55}},"loc":{"start":{"line":145,"column":67},"end":{"line":147,"column":9}},"line":145},"23":{"name":"(anonymous_23)","decl":{"start":{"line":148,"column":47},"end":{"line":148,"column":48}},"loc":{"start":{"line":148,"column":62},"end":{"line":158,"column":19}},"line":148}},"branchMap":{"0":{"loc":{"start":{"line":73,"column":16},"end":{"line":86,"column":17}},"type":"if","locations":[{"start":{"line":73,"column":16},"end":{"line":86,"column":17}},{"start":{"line":73,"column":16},"end":{"line":86,"column":17}}],"line":73},"1":{"loc":{"start":{"line":73,"column":20},"end":{"line":73,"column":107}},"type":"binary-expr","locations":[{"start":{"line":73,"column":20},"end":{"line":73,"column":51}},{"start":{"line":73,"column":55},"end":{"line":73,"column":78}},{"start":{"line":73,"column":82},"end":{"line":73,"column":107}}],"line":73},"2":{"loc":{"start":{"line":98,"column":4},"end":{"line":104,"column":5}},"type":"if","locations":[{"start":{"line":98,"column":4},"end":{"line":104,"column":5}},{"start":{"line":98,"column":4},"end":{"line":104,"column":5}}],"line":98},"3":{"loc":{"start":{"line":127,"column":2},"end":{"line":131,"column":3}},"type":"if","locations":[{"start":{"line":127,"column":2},"end":{"line":131,"column":3}},{"start":{"line":127,"column":2},"end":{"line":131,"column":3}}],"line":127}},"s":{"0":1,"1":1,"2":1,"3":1,"4":1,"5":0,"6":2,"7":30,"8":30,"9":2,"10":0,"11":61,"12":1,"13":1,"14":0,"15":0,"16":0,"17":0,"18":0,"19":0,"20":0,"21":0,"22":0,"23":0,"24":0,"25":0,"26":0,"27":3,"28":3,"29":9,"30":9,"31":9,"32":6,"33":6,"34":6,"35":3,"36":0,"37":0,"38":2,"39":2,"40":0,"41":0,"42":0,"43":0,"44":0,"45":0,"46":0,"47":0,"48":2,"49":2,"50":30,"51":2,"52":30,"53":30,"54":30,"55":30,"56":30,"57":1,"58":1,"59":1,"60":1,"61":1,"62":1,"63":1,"64":1,"65":1,"66":1,"67":1,"68":1,"69":1,"70":1,"71":1,"72":1,"73":1,"74":1,"75":1,"76":1,"77":1},"f":{"0":0,"1":2,"2":30,"3":30,"4":2,"5":0,"6":61,"7":1,"8":1,"9":0,"10":0,"11":0,"12":0,"13":3,"14":3,"15":0,"16":2,"17":0,"18":0,"19":0,"20":0,"21":2,"22":30,"23":30},"b":{"0":[0,0],"1":[0,0,0],"2":[6,3],"3":[0,0]},"_coverageSchema":"43e27e138ebf9cfc5966b082cf9a028302ed4184","hash":"fc19ccabaec9ebebfcffc6e5e4f40cef9a96b974"}
,"/home/richey/Projects/gear-calculator/lib/js/src/Utils/Unit.bs.js": {"path":"/home/richey/Projects/gear-calculator/lib/js/src/Utils/Unit.bs.js","statementMap":{"0":{"start":{"line":5,"column":9},"end":{"line":12,"column":1}},"1":{"start":{"line":14,"column":9},"end":{"line":21,"column":1}},"2":{"start":{"line":23,"column":11},"end":{"line":30,"column":1}},"3":{"start":{"line":32,"column":12},"end":{"line":39,"column":1}},"4":{"start":{"line":41,"column":9},"end":{"line":48,"column":1}},"5":{"start":{"line":50,"column":11},"end":{"line":57,"column":1}},"6":{"start":{"line":60,"column":2},"end":{"line":74,"column":3}},"7":{"start":{"line":62,"column":8},"end":{"line":62,"column":36}},"8":{"start":{"line":64,"column":8},"end":{"line":64,"column":36}},"9":{"start":{"line":66,"column":8},"end":{"line":66,"column":38}},"10":{"start":{"line":68,"column":8},"end":{"line":68,"column":39}},"11":{"start":{"line":70,"column":8},"end":{"line":70,"column":36}},"12":{"start":{"line":72,"column":8},"end":{"line":72,"column":38}},"13":{"start":{"line":79,"column":2},"end":{"line":99,"column":3}},"14":{"start":{"line":81,"column":8},"end":{"line":81,"column":17}},"15":{"start":{"line":82,"column":8},"end":{"line":82,"column":14}},"16":{"start":{"line":84,"column":8},"end":{"line":84,"column":17}},"17":{"start":{"line":85,"column":8},"end":{"line":85,"column":14}},"18":{"start":{"line":87,"column":8},"end":{"line":87,"column":19}},"19":{"start":{"line":88,"column":8},"end":{"line":88,"column":14}},"20":{"start":{"line":90,"column":8},"end":{"line":90,"column":20}},"21":{"start":{"line":91,"column":8},"end":{"line":91,"column":14}},"22":{"start":{"line":93,"column":8},"end":{"line":93,"column":17}},"23":{"start":{"line":94,"column":8},"end":{"line":94,"column":14}},"24":{"start":{"line":96,"column":8},"end":{"line":96,"column":19}},"25":{"start":{"line":97,"column":8},"end":{"line":97,"column":14}},"26":{"start":{"line":100,"column":2},"end":{"line":100,"column":42}},"27":{"start":{"line":103,"column":15},"end":{"line":112,"column":1}},"28":{"start":{"line":114,"column":13},"end":{"line":121,"column":1}},"29":{"start":{"line":123,"column":13},"end":{"line":130,"column":1}},"30":{"start":{"line":132,"column":11},"end":{"line":139,"column":1}},"31":{"start":{"line":141,"column":10},"end":{"line":148,"column":1}},"32":{"start":{"line":150,"column":11},"end":{"line":157,"column":1}},"33":{"start":{"line":159,"column":11},"end":{"line":166,"column":1}},"34":{"start":{"line":169,"column":2},"end":{"line":183,"column":3}},"35":{"start":{"line":171,"column":8},"end":{"line":171,"column":38}},"36":{"start":{"line":173,"column":8},"end":{"line":173,"column":37}},"37":{"start":{"line":175,"column":8},"end":{"line":175,"column":38}},"38":{"start":{"line":177,"column":8},"end":{"line":177,"column":38}},"39":{"start":{"line":179,"column":8},"end":{"line":179,"column":40}},"40":{"start":{"line":181,"column":8},"end":{"line":181,"column":40}},"41":{"start":{"line":188,"column":2},"end":{"line":208,"column":3}},"42":{"start":{"line":190,"column":8},"end":{"line":190,"column":19}},"43":{"start":{"line":191,"column":8},"end":{"line":191,"column":14}},"44":{"start":{"line":193,"column":8},"end":{"line":193,"column":18}},"45":{"start":{"line":194,"column":8},"end":{"line":194,"column":14}},"46":{"start":{"line":196,"column":8},"end":{"line":196,"column":19}},"47":{"start":{"line":197,"column":8},"end":{"line":197,"column":14}},"48":{"start":{"line":199,"column":8},"end":{"line":199,"column":19}},"49":{"start":{"line":200,"column":8},"end":{"line":200,"column":14}},"50":{"start":{"line":202,"column":8},"end":{"line":202,"column":21}},"51":{"start":{"line":203,"column":8},"end":{"line":203,"column":14}},"52":{"start":{"line":205,"column":8},"end":{"line":205,"column":21}},"53":{"start":{"line":206,"column":8},"end":{"line":206,"column":14}},"54":{"start":{"line":209,"column":2},"end":{"line":209,"column":44}},"55":{"start":{"line":212,"column":17},"end":{"line":219,"column":1}},"56":{"start":{"line":221,"column":11},"end":{"line":231,"column":1}},"57":{"start":{"line":233,"column":0},"end":{"line":233,"column":28}},"58":{"start":{"line":234,"column":0},"end":{"line":234,"column":20}}},"fnMap":{"0":{"name":"convertTarget","decl":{"start":{"line":59,"column":9},"end":{"line":59,"column":22}},"loc":{"start":{"line":59,"column":49},"end":{"line":75,"column":1}},"line":59},"1":{"name":"convert","decl":{"start":{"line":77,"column":9},"end":{"line":77,"column":16}},"loc":{"start":{"line":77,"column":37},"end":{"line":101,"column":1}},"line":77},"2":{"name":"convertTarget$1","decl":{"start":{"line":168,"column":9},"end":{"line":168,"column":24}},"loc":{"start":{"line":168,"column":51},"end":{"line":184,"column":1}},"line":168},"3":{"name":"convert$1","decl":{"start":{"line":186,"column":9},"end":{"line":186,"column":18}},"loc":{"start":{"line":186,"column":39},"end":{"line":210,"column":1}},"line":186}},"branchMap":{"0":{"loc":{"start":{"line":60,"column":2},"end":{"line":74,"column":3}},"type":"switch","locations":[{"start":{"line":61,"column":4},"end":{"line":62,"column":36}},{"start":{"line":63,"column":4},"end":{"line":64,"column":36}},{"start":{"line":65,"column":4},"end":{"line":66,"column":38}},{"start":{"line":67,"column":4},"end":{"line":68,"column":39}},{"start":{"line":69,"column":4},"end":{"line":70,"column":36}},{"start":{"line":71,"column":4},"end":{"line":72,"column":38}}],"line":60},"1":{"loc":{"start":{"line":79,"column":2},"end":{"line":99,"column":3}},"type":"switch","locations":[{"start":{"line":80,"column":4},"end":{"line":82,"column":14}},{"start":{"line":83,"column":4},"end":{"line":85,"column":14}},{"start":{"line":86,"column":4},"end":{"line":88,"column":14}},{"start":{"line":89,"column":4},"end":{"line":91,"column":14}},{"start":{"line":92,"column":4},"end":{"line":94,"column":14}},{"start":{"line":95,"column":4},"end":{"line":97,"column":14}}],"line":79},"2":{"loc":{"start":{"line":169,"column":2},"end":{"line":183,"column":3}},"type":"switch","locations":[{"start":{"line":170,"column":4},"end":{"line":171,"column":38}},{"start":{"line":172,"column":4},"end":{"line":173,"column":37}},{"start":{"line":174,"column":4},"end":{"line":175,"column":38}},{"start":{"line":176,"column":4},"end":{"line":177,"column":38}},{"start":{"line":178,"column":4},"end":{"line":179,"column":40}},{"start":{"line":180,"column":4},"end":{"line":181,"column":40}}],"line":169},"3":{"loc":{"start":{"line":188,"column":2},"end":{"line":208,"column":3}},"type":"switch","locations":[{"start":{"line":189,"column":4},"end":{"line":191,"column":14}},{"start":{"line":192,"column":4},"end":{"line":194,"column":14}},{"start":{"line":195,"column":4},"end":{"line":197,"column":14}},{"start":{"line":198,"column":4},"end":{"line":200,"column":14}},{"start":{"line":201,"column":4},"end":{"line":203,"column":14}},{"start":{"line":204,"column":4},"end":{"line":206,"column":14}}],"line":188}},"s":{"0":1,"1":1,"2":1,"3":1,"4":1,"5":1,"6":62,"7":0,"8":0,"9":0,"10":2,"11":30,"12":30,"13":62,"14":0,"15":0,"16":0,"17":0,"18":2,"19":2,"20":60,"21":60,"22":0,"23":0,"24":0,"25":0,"26":62,"27":1,"28":1,"29":1,"30":1,"31":1,"32":1,"33":1,"34":61,"35":0,"36":0,"37":0,"38":61,"39":0,"40":0,"41":61,"42":0,"43":0,"44":0,"45":0,"46":0,"47":0,"48":0,"49":0,"50":61,"51":61,"52":0,"53":0,"54":61,"55":1,"56":1,"57":1,"58":1},"f":{"0":62,"1":62,"2":61,"3":61},"b":{"0":[0,0,0,2,30,30],"1":[0,0,2,60,0,0],"2":[0,0,0,61,0,0],"3":[0,0,0,0,61,0]},"_coverageSchema":"43e27e138ebf9cfc5966b082cf9a028302ed4184","hash":"7211e6ff505872ca67f9853cc2096ce69abe1672"}
}
