TN:
SF:/home/richey/Projects/gear-calculator/lib/js/src/GearUtil/Gearing.bs.js
FN:10,make
FN:21,isEvenFloat
FN:25,metreToKm
FN:29,metreToMile
FN:33,inchToMetre
FN:37,mmToInch
FN:41,minuteToHour
FN:45,distancePerMinute
FN:49,distancePerHour
FN:53,cadenceToSpeedKm
FN:58,cadenceToSpeedMiles
FN:63,equivalentGear
FN:66,(anonymous_12)
FN:90,gearInches
FN:94,greatestCommonDivisor
FN:108,lowestFraction
FN:116,metresOfDevelopment
FN:121,skidPatches
FN:125,ambidextrousSkidPatches
FN:134,radiusRatio
FN:138,gainRatio
FN:143,generateCadences
FN:145,(anonymous_22)
FN:148,(anonymous_23)
FNF:24
FNH:6
FNDA:0,make
FNDA:2,isEvenFloat
FNDA:0,metreToKm
FNDA:0,metreToMile
FNDA:0,inchToMetre
FNDA:0,mmToInch
FNDA:1,minuteToHour
FNDA:1,distancePerMinute
FNDA:1,distancePerHour
FNDA:0,cadenceToSpeedKm
FNDA:0,cadenceToSpeedMiles
FNDA:0,equivalentGear
FNDA:0,(anonymous_12)
FNDA:1,gearInches
FNDA:3,greatestCommonDivisor
FNDA:0,lowestFraction
FNDA:0,metresOfDevelopment
FNDA:0,skidPatches
FNDA:0,ambidextrousSkidPatches
FNDA:0,radiusRatio
FNDA:0,gainRatio
FNDA:0,generateCadences
FNDA:0,(anonymous_22)
FNDA:0,(anonymous_23)
DA:4,1
DA:5,1
DA:6,1
DA:7,1
DA:8,1
DA:11,0
DA:22,2
DA:26,0
DA:30,0
DA:34,0
DA:38,0
DA:42,1
DA:46,1
DA:50,1
DA:54,0
DA:55,0
DA:59,0
DA:60,0
DA:64,0
DA:65,0
DA:66,0
DA:67,0
DA:68,0
DA:69,0
DA:73,0
DA:74,0
DA:85,0
DA:91,1
DA:95,3
DA:96,9
DA:97,9
DA:98,9
DA:99,6
DA:100,6
DA:101,6
DA:103,3
DA:109,0
DA:110,0
DA:117,0
DA:118,0
DA:122,0
DA:126,0
DA:127,0
DA:128,0
DA:130,0
DA:135,0
DA:139,0
DA:140,0
DA:144,0
DA:145,0
DA:146,0
DA:148,0
DA:149,0
DA:150,0
DA:151,0
DA:152,0
DA:153,0
DA:161,1
DA:162,1
DA:163,1
DA:164,1
DA:165,1
DA:166,1
DA:167,1
DA:168,1
DA:169,1
DA:170,1
DA:171,1
DA:172,1
DA:173,1
DA:174,1
DA:175,1
DA:176,1
DA:177,1
DA:178,1
DA:179,1
DA:180,1
DA:181,1
LF:78
LH:39
BRDA:73,0,0,0
BRDA:73,0,1,0
BRDA:73,1,0,0
BRDA:73,1,1,0
BRDA:73,1,2,0
BRDA:98,2,0,6
BRDA:98,2,1,3
BRDA:127,3,0,0
BRDA:127,3,1,0
BRF:9
BRH:2
end_of_record
TN:
SF:/home/richey/Projects/gear-calculator/lib/js/src/Utils/Unit.bs.js
FN:59,convertTarget
FN:77,convert
FN:168,convertTarget$1
FN:186,convert$1
FNF:4
FNH:2
FNDA:0,convertTarget
FNDA:0,convert
FNDA:1,convertTarget$1
FNDA:1,convert$1
DA:5,1
DA:14,1
DA:23,1
DA:32,1
DA:41,1
DA:50,1
DA:60,0
DA:62,0
DA:64,0
DA:66,0
DA:68,0
DA:70,0
DA:72,0
DA:79,0
DA:81,0
DA:82,0
DA:84,0
DA:85,0
DA:87,0
DA:88,0
DA:90,0
DA:91,0
DA:93,0
DA:94,0
DA:96,0
DA:97,0
DA:100,0
DA:103,1
DA:114,1
DA:123,1
DA:132,1
DA:141,1
DA:150,1
DA:159,1
DA:169,1
DA:171,0
DA:173,0
DA:175,0
DA:177,1
DA:179,0
DA:181,0
DA:188,1
DA:190,0
DA:191,0
DA:193,0
DA:194,0
DA:196,0
DA:197,0
DA:199,0
DA:200,0
DA:202,1
DA:203,1
DA:205,0
DA:206,0
DA:209,1
DA:212,1
DA:221,1
DA:233,1
DA:234,1
LF:59
LH:23
BRDA:60,0,0,0
BRDA:60,0,1,0
BRDA:60,0,2,0
BRDA:60,0,3,0
BRDA:60,0,4,0
BRDA:60,0,5,0
BRDA:79,1,0,0
BRDA:79,1,1,0
BRDA:79,1,2,0
BRDA:79,1,3,0
BRDA:79,1,4,0
BRDA:79,1,5,0
BRDA:169,2,0,0
BRDA:169,2,1,0
BRDA:169,2,2,0
BRDA:169,2,3,1
BRDA:169,2,4,0
BRDA:169,2,5,0
BRDA:188,3,0,0
BRDA:188,3,1,0
BRDA:188,3,2,0
BRDA:188,3,3,0
BRDA:188,3,4,1
BRDA:188,3,5,0
BRF:24
BRH:2
end_of_record
